c:\users\vadim\desktop\projectdima\projectdima\debug\vc141.pdb
c:\users\vadim\desktop\projectdima\projectdima\debug\reg.obj
c:\users\vadim\desktop\projectdima\projectdima\debug\main.obj
c:\users\vadim\desktop\projectdima\projectdima\debug\.netframework,version=v4.6.1.assemblyattributes.obj
c:\users\vadim\desktop\projectdima\projectdima\debug\.netframework,version=v4.6.1.assemblyattributes.asm
c:\users\vadim\desktop\projectdima\debug\projectdima.exe
c:\users\vadim\desktop\projectdima\debug\projectdima.pdb
c:\users\vadim\desktop\projectdima\projectdima\debug\projectdima.main.resources
c:\users\vadim\desktop\projectdima\projectdima\debug\projectdima.reg.resources
c:\users\dima\desktop\projectdima\projectdima\debug\projectdima.vcxproj.generateresource.cache
c:\users\dima\desktop\projectdima\projectdima\debug\projectdima.vcxprojassemblyreference.cache
c:\users\dima\desktop\projectdima\projectdima\debug\.netframework,version=v4.6.1.assemblyattributes.obj
c:\users\dima\desktop\projectdima\projectdima\debug\main.obj
c:\users\dima\desktop\projectdima\projectdima\debug\myform.obj
c:\users\dima\desktop\projectdima\projectdima\debug\reg.obj
c:\users\dima\desktop\projectdima\projectdima\debug\projectdima.main.resources
c:\users\dima\desktop\projectdima\projectdima\debug\projectdima.reg.resources
c:\users\dima\desktop\projectdima\projectdima\debug\vc141.pdb
c:\users\dima\desktop\projectdima\debug\projectdima.pdb
c:\users\dima\desktop\projectdima\debug\projectdima.exe
c:\users\dima\desktop\projectdima\projectdima\debug\projectdima.tlog\cl.command.1.tlog
c:\users\dima\desktop\projectdima\projectdima\debug\projectdima.tlog\cl.read.1.tlog
c:\users\dima\desktop\projectdima\projectdima\debug\projectdima.tlog\cl.write.1.tlog
c:\users\dima\desktop\projectdima\projectdima\debug\projectdima.tlog\link.command.1.tlog
c:\users\dima\desktop\projectdima\projectdima\debug\projectdima.tlog\link.read.1.tlog
c:\users\dima\desktop\projectdima\projectdima\debug\projectdima.tlog\link.write.1.tlog
c:\users\dima\desktop\projectdima\projectdima\debug\projectdima.tlog\metagen.read.1.tlog
c:\users\dima\desktop\projectdima\projectdima\debug\projectdima.tlog\metagen.write.1.tlog
c:\users\dima\desktop\projectdima\projectdima\debug\projectdima.tlog\projectdima.write.1u.tlog
